<?xml version="1.0" encoding="UTF-8"?>
<!-- Generated by org.testng.reporters.JUnitReportReporter -->
<testsuite hostname="DoveandEagle" name="testcases.TC002_LoginNegative" tests="4" failures="0" timestamp="9 Dec 2017 17:01:06 GMT" time="54.814" errors="0">
  <testcase name="loginFail" time="13.614" classname="testcases.TC002_LoginNegative"/>
  <testcase name="loginFail" time="12.183" classname="testcases.TC002_LoginNegative"/>
  <testcase name="loginFail" time="13.126" classname="testcases.TC002_LoginNegative"/>
  <testcase name="loginFail" time="15.891" classname="testcases.TC002_LoginNegative"/>
</testsuite> <!-- testcases.TC002_LoginNegative -->
