<?xml version="1.0" encoding="UTF-8"?>
<!-- Generated by org.testng.reporters.JUnitReportReporter -->
<testsuite hostname="DoveandEagle" name="testcases.TC003_CreateLead" tests="1" failures="0" timestamp="24 Dec 2017 05:47:52 GMT" time="33.482" errors="0">
  <testcase name="creatingLeads" time="33.482" classname="testcases.TC003_CreateLead"/>
</testsuite> <!-- testcases.TC003_CreateLead -->
