<?xml version="1.0" encoding="UTF-8"?>
<!-- Generated by org.testng.reporters.JUnitReportReporter -->
<testsuite hostname="DoveandEagle" name="testcases.TC001_LoginLogOut" tests="2" failures="0" timestamp="9 Dec 2017 17:01:06 GMT" time="53.320" errors="0">
  <testcase name="logInLogOut" time="36.482" classname="testcases.TC001_LoginLogOut"/>
  <testcase name="logInLogOut" time="16.838" classname="testcases.TC001_LoginLogOut"/>
</testsuite> <!-- testcases.TC001_LoginLogOut -->
