<?xml version="1.0" encoding="UTF-8"?>
<!-- Generated by org.testng.reporters.JUnitReportReporter -->
<testsuite hostname="DoveandEagle" name="testcases.TC003_CreateLead" tests="1" failures="0" timestamp="23 Dec 2017 05:40:14 GMT" time="34.945" errors="0">
  <testcase name="creatingLeads" time="34.945" classname="testcases.TC003_CreateLead"/>
</testsuite> <!-- testcases.TC003_CreateLead -->
